2018-04-02 09:12:13.509  INFO 21208 --- [main] com.ss.p.PApplication                    : Starting PApplication on xfqz-xuxiaorong with PID 21208 (D:\xxr\IDEAProject\p\target\classes started by shanlin in D:\xxr\IDEAProject\p)
2018-04-02 09:12:13.549 DEBUG 21208 --- [main] com.ss.p.PApplication                    : Running with Spring Boot v2.0.0.RELEASE, Spring v5.0.4.RELEASE
2018-04-02 09:12:13.553  INFO 21208 --- [main] com.ss.p.PApplication                    : The following profiles are active: dev
2018-04-02 09:12:13.771  INFO 21208 --- [main] ConfigServletWebServerApplicationContext : Refreshing org.springframework.boot.web.servlet.context.AnnotationConfigServletWebServerApplicationContext@2eee3069: startup date [Mon Apr 02 09:12:13 CST 2018]; root of context hierarchy
2018-04-02 09:12:14.893  INFO 21208 --- [main] .s.d.r.c.RepositoryConfigurationDelegate : Multiple Spring Data modules found, entering strict repository configuration mode!
2018-04-02 09:12:15.368  INFO 21208 --- [main] trationDelegate$BeanPostProcessorChecker : Bean 'org.springframework.transaction.annotation.ProxyTransactionManagementConfiguration' of type [org.springframework.transaction.annotation.ProxyTransactionManagementConfiguration$$EnhancerBySpringCGLIB$$7a420215] is not eligible for getting processed by all BeanPostProcessors (for example: not eligible for auto-proxying)
2018-04-02 09:12:15.441  INFO 21208 --- [main] trationDelegate$BeanPostProcessorChecker : Bean 'redisConfig' of type [com.ss.p.config.RedisConfig$$EnhancerBySpringCGLIB$$97600aea] is not eligible for getting processed by all BeanPostProcessors (for example: not eligible for auto-proxying)
2018-04-02 09:12:15.448  INFO 21208 --- [main] trationDelegate$BeanPostProcessorChecker : Bean 'org.springframework.cache.jcache.config.ProxyJCacheConfiguration' of type [org.springframework.cache.jcache.config.ProxyJCacheConfiguration$$EnhancerBySpringCGLIB$$9c89c493] is not eligible for getting processed by all BeanPostProcessors (for example: not eligible for auto-proxying)
2018-04-02 09:12:15.496  INFO 21208 --- [main] trationDelegate$BeanPostProcessorChecker : Bean 'org.springframework.cache.annotation.ProxyCachingConfiguration' of type [org.springframework.cache.annotation.ProxyCachingConfiguration$$EnhancerBySpringCGLIB$$c3543833] is not eligible for getting processed by all BeanPostProcessors (for example: not eligible for auto-proxying)
2018-04-02 09:12:15.513  INFO 21208 --- [main] trationDelegate$BeanPostProcessorChecker : Bean 'org.springframework.boot.autoconfigure.cache.CacheAutoConfiguration' of type [org.springframework.boot.autoconfigure.cache.CacheAutoConfiguration$$EnhancerBySpringCGLIB$$b7c7fcd7] is not eligible for getting processed by all BeanPostProcessors (for example: not eligible for auto-proxying)
2018-04-02 09:12:15.532  INFO 21208 --- [main] trationDelegate$BeanPostProcessorChecker : Bean 'org.springframework.boot.context.properties.ConversionServiceDeducer$Factory' of type [org.springframework.boot.context.properties.ConversionServiceDeducer$Factory] is not eligible for getting processed by all BeanPostProcessors (for example: not eligible for auto-proxying)
2018-04-02 09:12:15.537  INFO 21208 --- [main] trationDelegate$BeanPostProcessorChecker : Bean 'spring.cache-org.springframework.boot.autoconfigure.cache.CacheProperties' of type [org.springframework.boot.autoconfigure.cache.CacheProperties] is not eligible for getting processed by all BeanPostProcessors (for example: not eligible for auto-proxying)
2018-04-02 09:12:15.546  INFO 21208 --- [main] trationDelegate$BeanPostProcessorChecker : Bean 'cacheManagerCustomizers' of type [org.springframework.boot.autoconfigure.cache.CacheManagerCustomizers] is not eligible for getting processed by all BeanPostProcessors (for example: not eligible for auto-proxying)
2018-04-02 09:12:15.551  INFO 21208 --- [main] trationDelegate$BeanPostProcessorChecker : Bean 'org.springframework.boot.autoconfigure.cache.RedisCacheConfiguration' of type [org.springframework.boot.autoconfigure.cache.RedisCacheConfiguration$$EnhancerBySpringCGLIB$$68599931] is not eligible for getting processed by all BeanPostProcessors (for example: not eligible for auto-proxying)
2018-04-02 09:12:15.560  INFO 21208 --- [main] trationDelegate$BeanPostProcessorChecker : Bean 'spring.redis-org.springframework.boot.autoconfigure.data.redis.RedisProperties' of type [org.springframework.boot.autoconfigure.data.redis.RedisProperties] is not eligible for getting processed by all BeanPostProcessors (for example: not eligible for auto-proxying)
2018-04-02 09:12:15.566  INFO 21208 --- [main] trationDelegate$BeanPostProcessorChecker : Bean 'org.springframework.boot.autoconfigure.data.redis.JedisConnectionConfiguration' of type [org.springframework.boot.autoconfigure.data.redis.JedisConnectionConfiguration$$EnhancerBySpringCGLIB$$1b7db3aa] is not eligible for getting processed by all BeanPostProcessors (for example: not eligible for auto-proxying)
2018-04-02 09:12:15.638  INFO 21208 --- [main] trationDelegate$BeanPostProcessorChecker : Bean 'redisConnectionFactory' of type [org.springframework.data.redis.connection.jedis.JedisConnectionFactory] is not eligible for getting processed by all BeanPostProcessors (for example: not eligible for auto-proxying)
2018-04-02 09:12:15.673  INFO 21208 --- [main] trationDelegate$BeanPostProcessorChecker : Bean 'cacheManager' of type [org.springframework.data.redis.cache.RedisCacheManager] is not eligible for getting processed by all BeanPostProcessors (for example: not eligible for auto-proxying)
2018-04-02 09:12:15.675  INFO 21208 --- [main] trationDelegate$BeanPostProcessorChecker : Bean 'cacheAutoConfigurationValidator' of type [org.springframework.boot.autoconfigure.cache.CacheAutoConfiguration$CacheManagerValidator] is not eligible for getting processed by all BeanPostProcessors (for example: not eligible for auto-proxying)
2018-04-02 09:12:16.049  INFO 21208 --- [main] o.s.b.w.embedded.tomcat.TomcatWebServer  : Tomcat initialized with port(s): 8081 (http)
2018-04-02 09:12:16.076  INFO 21208 --- [main] o.apache.catalina.core.StandardService   : Starting service [Tomcat]
2018-04-02 09:12:16.076  INFO 21208 --- [main] org.apache.catalina.core.StandardEngine  : Starting Servlet Engine: Apache Tomcat/8.5.28
2018-04-02 09:12:16.081  INFO 21208 --- [localhost-startStop-1] o.a.catalina.core.AprLifecycleListener   : The APR based Apache Tomcat Native library which allows optimal performance in production environments was not found on the java.library.path: [D:\xxr\Software\java\jdk1.8.0\bin;C:\WINDOWS\Sun\Java\bin;C:\WINDOWS\system32;C:\WINDOWS;D:\xxr\Software\java\jdk1.8.0\bin;D:\xxr\Software\java\jdk1.8.0\jre\bin;C:\ProgramData\Oracle\Java\javapath;C:\WINDOWS\system32;C:\WINDOWS;C:\WINDOWS\System32\Wbem;C:\WINDOWS\System32\WindowsPowerShell\v1.0\;C:\Program Files (x86)\MySQL\MySQL Server 5.5\bin;D:\apache-maven-3.3.3\bin;D:\xxr\Software\Git\cmd;D:\xxr\Software\010 Editor;C:\Program Files\erl9.2\bin;C:\Users\shanlin\AppData\Local\Microsoft\WindowsApps;;.]
2018-04-02 09:12:16.622  INFO 21208 --- [localhost-startStop-1] o.a.c.c.C.[Tomcat].[localhost].[/fast]   : Initializing Spring embedded WebApplicationContext
2018-04-02 09:12:16.622  INFO 21208 --- [localhost-startStop-1] o.s.web.context.ContextLoader            : Root WebApplicationContext: initialization completed in 2851 ms
2018-04-02 09:12:16.857  INFO 21208 --- [localhost-startStop-1] o.s.b.w.servlet.ServletRegistrationBean  : Servlet dispatcherServlet mapped to [/]
2018-04-02 09:12:16.866  INFO 21208 --- [localhost-startStop-1] o.s.b.w.servlet.FilterRegistrationBean   : Mapping filter: 'characterEncodingFilter' to: [/*]
2018-04-02 09:12:16.867  INFO 21208 --- [localhost-startStop-1] o.s.b.w.servlet.FilterRegistrationBean   : Mapping filter: 'hiddenHttpMethodFilter' to: [/*]
2018-04-02 09:12:16.867  INFO 21208 --- [localhost-startStop-1] o.s.b.w.servlet.FilterRegistrationBean   : Mapping filter: 'httpPutFormContentFilter' to: [/*]
2018-04-02 09:12:16.867  INFO 21208 --- [localhost-startStop-1] o.s.b.w.servlet.FilterRegistrationBean   : Mapping filter: 'requestContextFilter' to: [/*]
2018-04-02 09:12:17.519  INFO 21208 --- [main] com.ss.p.config.RedisConfig              : ******  redis loading *******
2018-04-02 09:12:17.520  INFO 21208 --- [main] com.ss.p.config.RedisConfig              : ******  redis port *******:6379
2018-04-02 09:12:17.520  INFO 21208 --- [main] com.ss.p.config.RedisConfig              : ******  redis host *******: 127.0.0.1
2018-04-02 09:12:18.393  INFO 21208 --- [main] s.w.s.m.m.a.RequestMappingHandlerAdapter : Looking for @ControllerAdvice: org.springframework.boot.web.servlet.context.AnnotationConfigServletWebServerApplicationContext@2eee3069: startup date [Mon Apr 02 09:12:13 CST 2018]; root of context hierarchy
2018-04-02 09:12:18.529  INFO 21208 --- [main] s.w.s.m.m.a.RequestMappingHandlerMapping : Mapped "{[/getDataList],methods=[GET]}" onto public java.util.List<java.lang.String> com.ss.p.controller.HelloController.getList()
2018-04-02 09:12:18.532  INFO 21208 --- [main] s.w.s.m.m.a.RequestMappingHandlerMapping : Mapped "{[/updateName],methods=[GET]}" onto public int com.ss.p.controller.HelloController.updateName(java.lang.String)
2018-04-02 09:12:18.533  INFO 21208 --- [main] s.w.s.m.m.a.RequestMappingHandlerMapping : Mapped "{[/]}" onto public org.springframework.web.servlet.ModelAndView com.ss.p.controller.HelloController.hello(org.springframework.ui.Model)
2018-04-02 09:12:18.536  INFO 21208 --- [main] s.w.s.m.m.a.RequestMappingHandlerMapping : Mapped "{[/error]}" onto public org.springframework.http.ResponseEntity<java.util.Map<java.lang.String, java.lang.Object>> org.springframework.boot.autoconfigure.web.servlet.error.BasicErrorController.error(javax.servlet.http.HttpServletRequest)
2018-04-02 09:12:18.537  INFO 21208 --- [main] s.w.s.m.m.a.RequestMappingHandlerMapping : Mapped "{[/error],produces=[text/html]}" onto public org.springframework.web.servlet.ModelAndView org.springframework.boot.autoconfigure.web.servlet.error.BasicErrorController.errorHtml(javax.servlet.http.HttpServletRequest,javax.servlet.http.HttpServletResponse)
2018-04-02 09:12:18.770  INFO 21208 --- [main] o.s.w.s.handler.SimpleUrlHandlerMapping  : Mapped URL path [/webjars/**] onto handler of type [class org.springframework.web.servlet.resource.ResourceHttpRequestHandler]
2018-04-02 09:12:18.770  INFO 21208 --- [main] o.s.w.s.handler.SimpleUrlHandlerMapping  : Mapped URL path [/**] onto handler of type [class org.springframework.web.servlet.resource.ResourceHttpRequestHandler]
2018-04-02 09:12:19.430  INFO 21208 --- [main] o.s.w.s.v.f.FreeMarkerConfigurer         : ClassTemplateLoader for Spring macros added to FreeMarker configuration
2018-04-02 09:12:19.798  INFO 21208 --- [main] o.s.j.e.a.AnnotationMBeanExporter        : Registering beans for JMX exposure on startup
2018-04-02 09:12:19.799  INFO 21208 --- [main] o.s.j.e.a.AnnotationMBeanExporter        : Bean with name 'dataSource' has been autodetected for JMX exposure
2018-04-02 09:12:19.807  INFO 21208 --- [main] o.s.j.e.a.AnnotationMBeanExporter        : Located MBean 'dataSource': registering with JMX server as MBean [com.alibaba.druid.pool:name=dataSource,type=DruidDataSource]
2018-04-02 09:12:19.872  INFO 21208 --- [main] o.s.b.w.embedded.tomcat.TomcatWebServer  : Tomcat started on port(s): 8081 (http) with context path '/fast'
2018-04-02 09:12:19.875  INFO 21208 --- [main] com.ss.p.PApplication                    : Started PApplication in 7.986 seconds (JVM running for 11.984)
2018-04-02 10:36:14.257  INFO 21208 --- [http-nio-8081-exec-10] o.a.c.c.C.[Tomcat].[localhost].[/fast]   : Initializing Spring FrameworkServlet 'dispatcherServlet'
2018-04-02 10:36:14.262  INFO 21208 --- [http-nio-8081-exec-10] o.s.web.servlet.DispatcherServlet        : FrameworkServlet 'dispatcherServlet': initialization started
2018-04-02 10:36:14.346  INFO 21208 --- [http-nio-8081-exec-10] o.s.web.servlet.DispatcherServlet        : FrameworkServlet 'dispatcherServlet': initialization completed in 84 ms
2018-04-02 10:36:14.414  INFO 21208 --- [http-nio-8081-exec-10] com.ss.p.controller.HelloController      : ******************** profile :dev
2018-04-02 10:40:21.887  INFO 21208 --- [http-nio-8081-exec-8] com.ss.p.controller.HelloController      : ******************** profile :dev
2018-04-04 14:17:56.832  INFO 3208 --- [main] com.ss.p.PApplication                    : Starting PApplication on xfqz-xuxiaorong with PID 3208 (D:\xxr\IDEAProject\simpleSpringBoot\target\classes started by shanlin in D:\xxr\IDEAProject\simpleSpringBoot)
2018-04-04 14:17:56.839 DEBUG 3208 --- [main] com.ss.p.PApplication                    : Running with Spring Boot v2.0.0.RELEASE, Spring v5.0.4.RELEASE
2018-04-04 14:17:56.840  INFO 3208 --- [main] com.ss.p.PApplication                    : The following profiles are active: dev
2018-04-04 14:17:56.951  INFO 3208 --- [main] ConfigServletWebServerApplicationContext : Refreshing org.springframework.boot.web.servlet.context.AnnotationConfigServletWebServerApplicationContext@141e5bef: startup date [Wed Apr 04 14:17:56 CST 2018]; root of context hierarchy
2018-04-04 14:17:57.743  INFO 3208 --- [main] .s.d.r.c.RepositoryConfigurationDelegate : Multiple Spring Data modules found, entering strict repository configuration mode!
2018-04-04 14:17:58.220  INFO 3208 --- [main] trationDelegate$BeanPostProcessorChecker : Bean 'org.springframework.transaction.annotation.ProxyTransactionManagementConfiguration' of type [org.springframework.transaction.annotation.ProxyTransactionManagementConfiguration$$EnhancerBySpringCGLIB$$db46fbca] is not eligible for getting processed by all BeanPostProcessors (for example: not eligible for auto-proxying)
2018-04-04 14:17:58.274  INFO 3208 --- [main] trationDelegate$BeanPostProcessorChecker : Bean 'redisConfig' of type [com.ss.p.config.RedisConfig$$EnhancerBySpringCGLIB$$f865049f] is not eligible for getting processed by all BeanPostProcessors (for example: not eligible for auto-proxying)
2018-04-04 14:17:58.280  INFO 3208 --- [main] trationDelegate$BeanPostProcessorChecker : Bean 'org.springframework.cache.annotation.ProxyCachingConfiguration' of type [org.springframework.cache.annotation.ProxyCachingConfiguration$$EnhancerBySpringCGLIB$$245931e8] is not eligible for getting processed by all BeanPostProcessors (for example: not eligible for auto-proxying)
2018-04-04 14:17:58.299  INFO 3208 --- [main] trationDelegate$BeanPostProcessorChecker : Bean 'org.springframework.boot.autoconfigure.cache.CacheAutoConfiguration' of type [org.springframework.boot.autoconfigure.cache.CacheAutoConfiguration$$EnhancerBySpringCGLIB$$18ccf68c] is not eligible for getting processed by all BeanPostProcessors (for example: not eligible for auto-proxying)
2018-04-04 14:17:58.317  INFO 3208 --- [main] trationDelegate$BeanPostProcessorChecker : Bean 'org.springframework.boot.context.properties.ConversionServiceDeducer$Factory' of type [org.springframework.boot.context.properties.ConversionServiceDeducer$Factory] is not eligible for getting processed by all BeanPostProcessors (for example: not eligible for auto-proxying)
2018-04-04 14:17:58.323  INFO 3208 --- [main] trationDelegate$BeanPostProcessorChecker : Bean 'spring.cache-org.springframework.boot.autoconfigure.cache.CacheProperties' of type [org.springframework.boot.autoconfigure.cache.CacheProperties] is not eligible for getting processed by all BeanPostProcessors (for example: not eligible for auto-proxying)
2018-04-04 14:17:58.332  INFO 3208 --- [main] trationDelegate$BeanPostProcessorChecker : Bean 'cacheManagerCustomizers' of type [org.springframework.boot.autoconfigure.cache.CacheManagerCustomizers] is not eligible for getting processed by all BeanPostProcessors (for example: not eligible for auto-proxying)
2018-04-04 14:17:58.335  INFO 3208 --- [main] trationDelegate$BeanPostProcessorChecker : Bean 'org.springframework.boot.autoconfigure.cache.RedisCacheConfiguration' of type [org.springframework.boot.autoconfigure.cache.RedisCacheConfiguration$$EnhancerBySpringCGLIB$$c95e92e6] is not eligible for getting processed by all BeanPostProcessors (for example: not eligible for auto-proxying)
2018-04-04 14:17:58.344  INFO 3208 --- [main] trationDelegate$BeanPostProcessorChecker : Bean 'spring.redis-org.springframework.boot.autoconfigure.data.redis.RedisProperties' of type [org.springframework.boot.autoconfigure.data.redis.RedisProperties] is not eligible for getting processed by all BeanPostProcessors (for example: not eligible for auto-proxying)
2018-04-04 14:17:58.350  INFO 3208 --- [main] trationDelegate$BeanPostProcessorChecker : Bean 'org.springframework.boot.autoconfigure.data.redis.JedisConnectionConfiguration' of type [org.springframework.boot.autoconfigure.data.redis.JedisConnectionConfiguration$$EnhancerBySpringCGLIB$$7c82ad5f] is not eligible for getting processed by all BeanPostProcessors (for example: not eligible for auto-proxying)
2018-04-04 14:17:58.396  INFO 3208 --- [main] trationDelegate$BeanPostProcessorChecker : Bean 'redisConnectionFactory' of type [org.springframework.data.redis.connection.jedis.JedisConnectionFactory] is not eligible for getting processed by all BeanPostProcessors (for example: not eligible for auto-proxying)
2018-04-04 14:17:58.422  INFO 3208 --- [main] trationDelegate$BeanPostProcessorChecker : Bean 'cacheManager' of type [org.springframework.data.redis.cache.RedisCacheManager] is not eligible for getting processed by all BeanPostProcessors (for example: not eligible for auto-proxying)
2018-04-04 14:17:58.424  INFO 3208 --- [main] trationDelegate$BeanPostProcessorChecker : Bean 'cacheAutoConfigurationValidator' of type [org.springframework.boot.autoconfigure.cache.CacheAutoConfiguration$CacheManagerValidator] is not eligible for getting processed by all BeanPostProcessors (for example: not eligible for auto-proxying)
2018-04-04 14:17:58.761  INFO 3208 --- [main] o.s.b.w.embedded.tomcat.TomcatWebServer  : Tomcat initialized with port(s): 8081 (http)
2018-04-04 14:17:58.782  INFO 3208 --- [main] o.apache.catalina.core.StandardService   : Starting service [Tomcat]
2018-04-04 14:17:58.783  INFO 3208 --- [main] org.apache.catalina.core.StandardEngine  : Starting Servlet Engine: Apache Tomcat/8.5.28
2018-04-04 14:17:58.792  INFO 3208 --- [localhost-startStop-1] o.a.catalina.core.AprLifecycleListener   : The APR based Apache Tomcat Native library which allows optimal performance in production environments was not found on the java.library.path: [D:\xxr\Software\java\jdk1.8.0\bin;C:\WINDOWS\Sun\Java\bin;C:\WINDOWS\system32;C:\WINDOWS;D:\xxr\software\360chrome\chrome\application;D:\xxr\software\360chrome\chrome\application;D:\xxr\Software\java\jdk1.8.0\bin;D:\xxr\Software\java\jdk1.8.0\jre\bin;C:\ProgramData\Oracle\Java\javapath;C:\WINDOWS\system32;C:\WINDOWS;C:\WINDOWS\System32\Wbem;C:\WINDOWS\System32\WindowsPowerShell\v1.0\;C:\Program Files (x86)\MySQL\MySQL Server 5.5\bin;D:\apache-maven-3.3.3\bin;D:\xxr\Software\Git\cmd;D:\xxr\Software\010 Editor;C:\Program Files\erl9.2\bin;C:\Users\shanlin\AppData\Local\Microsoft\WindowsApps;;.]
2018-04-04 14:17:58.925  INFO 3208 --- [localhost-startStop-1] o.a.c.c.C.[Tomcat].[localhost].[/fast]   : Initializing Spring embedded WebApplicationContext
2018-04-04 14:17:58.926  INFO 3208 --- [localhost-startStop-1] o.s.web.context.ContextLoader            : Root WebApplicationContext: initialization completed in 1975 ms
2018-04-04 14:17:59.174  INFO 3208 --- [localhost-startStop-1] o.s.b.w.servlet.ServletRegistrationBean  : Servlet dispatcherServlet mapped to [/]
2018-04-04 14:17:59.179  INFO 3208 --- [localhost-startStop-1] o.s.b.w.servlet.FilterRegistrationBean   : Mapping filter: 'characterEncodingFilter' to: [/*]
2018-04-04 14:17:59.179  INFO 3208 --- [localhost-startStop-1] o.s.b.w.servlet.FilterRegistrationBean   : Mapping filter: 'hiddenHttpMethodFilter' to: [/*]
2018-04-04 14:17:59.179  INFO 3208 --- [localhost-startStop-1] o.s.b.w.servlet.FilterRegistrationBean   : Mapping filter: 'httpPutFormContentFilter' to: [/*]
2018-04-04 14:17:59.179  INFO 3208 --- [localhost-startStop-1] o.s.b.w.servlet.FilterRegistrationBean   : Mapping filter: 'requestContextFilter' to: [/*]
2018-04-04 14:17:59.769  INFO 3208 --- [main] com.ss.p.config.RedisConfig              : ******  redis loading *******
2018-04-04 14:17:59.769  INFO 3208 --- [main] com.ss.p.config.RedisConfig              : ******  redis port *******:6379
2018-04-04 14:17:59.770  INFO 3208 --- [main] com.ss.p.config.RedisConfig              : ******  redis host *******: 127.0.0.1
2018-04-04 14:18:00.673  INFO 3208 --- [main] s.w.s.m.m.a.RequestMappingHandlerAdapter : Looking for @ControllerAdvice: org.springframework.boot.web.servlet.context.AnnotationConfigServletWebServerApplicationContext@141e5bef: startup date [Wed Apr 04 14:17:56 CST 2018]; root of context hierarchy
2018-04-04 14:18:00.805  INFO 3208 --- [main] s.w.s.m.m.a.RequestMappingHandlerMapping : Mapped "{[/]}" onto public org.springframework.web.servlet.ModelAndView com.ss.p.controller.HelloController.hello(org.springframework.ui.Model)
2018-04-04 14:18:00.806  INFO 3208 --- [main] s.w.s.m.m.a.RequestMappingHandlerMapping : Mapped "{[/getDataList],methods=[GET]}" onto public java.util.List<java.lang.String> com.ss.p.controller.HelloController.getList()
2018-04-04 14:18:00.807  INFO 3208 --- [main] s.w.s.m.m.a.RequestMappingHandlerMapping : Mapped "{[/updateName],methods=[GET]}" onto public int com.ss.p.controller.HelloController.updateName(java.lang.String)
2018-04-04 14:18:00.810  INFO 3208 --- [main] s.w.s.m.m.a.RequestMappingHandlerMapping : Mapped "{[/error]}" onto public org.springframework.http.ResponseEntity<java.util.Map<java.lang.String, java.lang.Object>> org.springframework.boot.autoconfigure.web.servlet.error.BasicErrorController.error(javax.servlet.http.HttpServletRequest)
2018-04-04 14:18:00.811  INFO 3208 --- [main] s.w.s.m.m.a.RequestMappingHandlerMapping : Mapped "{[/error],produces=[text/html]}" onto public org.springframework.web.servlet.ModelAndView org.springframework.boot.autoconfigure.web.servlet.error.BasicErrorController.errorHtml(javax.servlet.http.HttpServletRequest,javax.servlet.http.HttpServletResponse)
2018-04-04 14:18:00.964  INFO 3208 --- [main] o.s.w.s.handler.SimpleUrlHandlerMapping  : Mapped URL path [/webjars/**] onto handler of type [class org.springframework.web.servlet.resource.ResourceHttpRequestHandler]
2018-04-04 14:18:00.965  INFO 3208 --- [main] o.s.w.s.handler.SimpleUrlHandlerMapping  : Mapped URL path [/**] onto handler of type [class org.springframework.web.servlet.resource.ResourceHttpRequestHandler]
2018-04-04 14:18:01.494  INFO 3208 --- [main] o.s.w.s.v.f.FreeMarkerConfigurer         : ClassTemplateLoader for Spring macros added to FreeMarker configuration
2018-04-04 14:18:01.865  INFO 3208 --- [main] o.s.j.e.a.AnnotationMBeanExporter        : Registering beans for JMX exposure on startup
2018-04-04 14:18:01.866  INFO 3208 --- [main] o.s.j.e.a.AnnotationMBeanExporter        : Bean with name 'dataSource' has been autodetected for JMX exposure
2018-04-04 14:18:01.872  INFO 3208 --- [main] o.s.j.e.a.AnnotationMBeanExporter        : Located MBean 'dataSource': registering with JMX server as MBean [com.alibaba.druid.pool:name=dataSource,type=DruidDataSource]
2018-04-04 14:18:01.934  INFO 3208 --- [main] o.s.b.w.embedded.tomcat.TomcatWebServer  : Tomcat started on port(s): 8081 (http) with context path '/fast'
2018-04-04 14:18:01.937  INFO 3208 --- [main] com.ss.p.PApplication                    : Started PApplication in 5.704 seconds (JVM running for 8.053)
2018-04-04 14:19:52.202  INFO 3208 --- [http-nio-8081-exec-1] o.a.c.c.C.[Tomcat].[localhost].[/fast]   : Initializing Spring FrameworkServlet 'dispatcherServlet'
2018-04-04 14:19:52.203  INFO 3208 --- [http-nio-8081-exec-1] o.s.web.servlet.DispatcherServlet        : FrameworkServlet 'dispatcherServlet': initialization started
2018-04-04 14:19:52.238  INFO 3208 --- [http-nio-8081-exec-1] o.s.web.servlet.DispatcherServlet        : FrameworkServlet 'dispatcherServlet': initialization completed in 35 ms
2018-04-04 14:19:52.271  INFO 3208 --- [http-nio-8081-exec-1] com.ss.p.controller.HelloController      : ******************** profile :dev
